This file contains any messages produced by compilers while
running configure, to aid debugging if configure makes a mistake.

It was created by qcdloop1 configure 1.9.0, which was
generated by GNU Autoconf 2.68.  Invocation command line was

  $ ./configure --prefix=/Users/valentin/Documents/HEP_softs/QCDLoop/qcdloop1-1.9.0_installation F77=gfortran FC=gfortran

## --------- ##
## Platform. ##
## --------- ##

hostname = dhcpvisitor217249.slac.stanford.edu
uname -m = x86_64
uname -r = 12.5.0
uname -s = Darwin
uname -v = Darwin Kernel Version 12.5.0: Sun Sep 29 13:33:47 PDT 2013; root:xnu-2050.48.12~1/RELEASE_X86_64

/usr/bin/uname -p = i386
/bin/uname -X     = unknown

/bin/arch              = unknown
/usr/bin/arch -k       = unknown
/usr/convex/getsysinfo = unknown
/usr/bin/hostinfo      = Mach kernel version:
	 Darwin Kernel Version 12.5.0: Sun Sep 29 13:33:47 PDT 2013; root:xnu-2050.48.12~1/RELEASE_X86_64
Kernel configured for up to 8 processors.
4 processors are physically available.
8 processors are logically available.
Processor type: i486 (Intel 80486)
Processors active: 0 1 2 3 4 5 6 7
Primary memory available: 16.00 gigabytes
Default processor set: 155 tasks, 822 threads, 8 processors
Load average: 0.33, Mach factor: 7.66
/bin/machine           = unknown
/usr/bin/oslevel       = unknown
/bin/universe          = unknown

PATH: /usr/local/bin/master
PATH: /Users/valentin/Documents/HEP_softs/root/root_installation_5_34_08/bin
PATH: /Users/valentin/Documents/HEP_softs/QGRAF/qgraf-3_1_4
PATH: /Users/valentin/Documents/HEP_softs/GoSam/GoSam_installation/bin
PATH: /Users/valentin/Documents/HEP_softs/FORM
PATH: /Users/valentin/Documents/HEP_softs/LHAPDF/LHAPDF-6.0.4_installation/bin
PATH: /Users/valentin/Documents/HEP_softs/fastjet/fastjet-3.0.5_installation/bin
PATH: /opt/local/bin
PATH: /opt/local/sbin
PATH: /usr/bin
PATH: /bin
PATH: /usr/sbin
PATH: /sbin
PATH: /usr/local/bin
PATH: /opt/X11/bin
PATH: /usr/texbin


## ----------- ##
## Core tests. ##
## ----------- ##

configure:2350: checking for a BSD-compatible install
configure:2418: result: /usr/bin/install -c
configure:2429: checking whether build environment is sane
configure:2479: result: yes
configure:2620: checking for a thread-safe mkdir -p
configure:2659: result: auxfiles/install-sh -c -d
configure:2672: checking for gawk
configure:2702: result: no
configure:2672: checking for mawk
configure:2702: result: no
configure:2672: checking for nawk
configure:2702: result: no
configure:2672: checking for awk
configure:2688: found /usr/bin/awk
configure:2699: result: awk
configure:2710: checking whether make sets $(MAKE)
configure:2732: result: yes
configure:2858: checking build system type
configure:2872: result: x86_64-apple-darwin12.5.0
configure:2892: checking host system type
configure:2905: result: x86_64-apple-darwin12.5.0
configure:2946: checking how to print strings
configure:2973: result: printf
configure:3006: checking for style of include used by make
configure:3034: result: GNU
configure:3104: checking for gcc
configure:3120: found /usr/bin/gcc
configure:3131: result: gcc
configure:3360: checking for C compiler version
configure:3369: gcc --version >&5
Apple LLVM version 5.0 (clang-500.2.76) (based on LLVM 3.3svn)
Target: x86_64-apple-darwin12.5.0
Thread model: posix
Configured with: --prefix=/Applications/Xcode.app/Contents/Developer/usr --with-gxx-include-dir=/usr/include/c++/4.2.1
configure:3380: $? = 0
configure:3369: gcc -v >&5
Configured with: --prefix=/Applications/Xcode.app/Contents/Developer/usr --with-gxx-include-dir=/usr/include/c++/4.2.1
Apple LLVM version 5.0 (clang-500.2.76) (based on LLVM 3.3svn)
Target: x86_64-apple-darwin12.5.0
Thread model: posix
configure:3380: $? = 0
configure:3369: gcc -V >&5
clang: error: argument to '-V' is missing (expected 1 value)
clang: error: no input files
configure:3380: $? = 1
configure:3369: gcc -qversion >&5
clang: error: no input files
configure:3380: $? = 1
configure:3400: checking whether the C compiler works
configure:3422: gcc    conftest.c  >&5
configure:3426: $? = 0
configure:3474: result: yes
configure:3477: checking for C compiler default output file name
configure:3479: result: a.out
configure:3485: checking for suffix of executables
configure:3492: gcc -o conftest    conftest.c  >&5
configure:3496: $? = 0
configure:3518: result: 
configure:3540: checking whether we are cross compiling
configure:3548: gcc -o conftest    conftest.c  >&5
configure:3552: $? = 0
configure:3559: ./conftest
configure:3563: $? = 0
configure:3578: result: no
configure:3583: checking for suffix of object files
configure:3605: gcc -c   conftest.c >&5
configure:3609: $? = 0
configure:3630: result: o
configure:3634: checking whether we are using the GNU C compiler
configure:3653: gcc -c   conftest.c >&5
configure:3653: $? = 0
configure:3662: result: yes
configure:3671: checking whether gcc accepts -g
configure:3691: gcc -c -g  conftest.c >&5
configure:3691: $? = 0
configure:3732: result: yes
configure:3749: checking for gcc option to accept ISO C89
configure:3813: gcc  -c -g -O2  conftest.c >&5
configure:3813: $? = 0
configure:3826: result: none needed
configure:3848: checking dependency style of gcc
configure:3958: result: gcc3
configure:3973: checking for a sed that does not truncate output
configure:4037: result: /usr/bin/sed
configure:4055: checking for grep that handles long lines and -e
configure:4113: result: /usr/bin/grep
configure:4118: checking for egrep
configure:4180: result: /usr/bin/grep -E
configure:4185: checking for fgrep
configure:4247: result: /usr/bin/grep -F
configure:4282: checking for ld used by gcc
configure:4349: result: /Applications/Xcode.app/Contents/Developer/Toolchains/XcodeDefault.xctoolchain/usr/bin/ld
configure:4356: checking if the linker (/Applications/Xcode.app/Contents/Developer/Toolchains/XcodeDefault.xctoolchain/usr/bin/ld) is GNU ld
configure:4371: result: no
configure:4383: checking for BSD- or MS-compatible name lister (nm)
configure:4432: result: /opt/local/bin/nm
configure:4562: checking the name lister (/opt/local/bin/nm) interface
configure:4569: gcc -c -g -O2  conftest.c >&5
configure:4572: /opt/local/bin/nm "conftest.o"
configure:4575: output
0000000000000224 S _some_variable
configure:4582: result: BSD nm
configure:4585: checking whether ln -s works
configure:4589: result: yes
configure:4597: checking the maximum length of command line arguments
configure:4722: result: 196608
configure:4739: checking whether the shell understands some XSI constructs
configure:4749: result: yes
configure:4753: checking whether the shell understands "+="
configure:4759: result: yes
configure:4794: checking how to convert x86_64-apple-darwin12.5.0 file names to x86_64-apple-darwin12.5.0 format
configure:4834: result: func_convert_file_noop
configure:4841: checking how to convert x86_64-apple-darwin12.5.0 file names to toolchain format
configure:4861: result: func_convert_file_noop
configure:4868: checking for /Applications/Xcode.app/Contents/Developer/Toolchains/XcodeDefault.xctoolchain/usr/bin/ld option to reload object files
configure:4875: result: -r
configure:4949: checking for objdump
configure:4979: result: no
configure:5008: checking how to recognize dependent libraries
configure:5210: result: pass_all
configure:5295: checking for dlltool
configure:5325: result: no
configure:5355: checking how to associate runtime and link libraries
configure:5382: result: printf %s\n
configure:5443: checking for ar
configure:5459: found /opt/local/bin/ar
configure:5470: result: ar
configure:5507: checking for archiver @FILE support
configure:5524: gcc -c -g -O2  conftest.c >&5
configure:5524: $? = 0
configure:5527: ar cru libconftest.a @conftest.lst >&5
ar: @conftest.lst: No such file or directory
configure:5530: $? = 1
configure:5550: result: no
configure:5608: checking for strip
configure:5624: found /opt/local/bin/strip
configure:5635: result: strip
configure:5707: checking for ranlib
configure:5723: found /opt/local/bin/ranlib
configure:5734: result: ranlib
configure:5836: checking command to parse /opt/local/bin/nm output from gcc object
configure:5955: gcc -c -g -O2  conftest.c >&5
configure:5958: $? = 0
configure:5962: /opt/local/bin/nm conftest.o \| sed -n -e 's/^.*[ ]\([BCDEGRST][BCDEGRST]*\)[ ][ ]*\([_A-Za-z][_A-Za-z0-9]*\)$/\1 \2 \2/p' | sed '/ __gnu_lto/d' \> conftest.nm
configure:5965: $? = 0
cannot find nm_test_var in conftest.nm
configure:5955: gcc -c -g -O2  conftest.c >&5
configure:5958: $? = 0
configure:5962: /opt/local/bin/nm conftest.o \| sed -n -e 's/^.*[ ]\([BCDEGRST][BCDEGRST]*\)[ ][ ]*_\([_A-Za-z][_A-Za-z0-9]*\)$/\1 _\2 \2/p' | sed '/ __gnu_lto/d' \> conftest.nm
configure:5965: $? = 0
configure:6031: gcc -o conftest -g -O2   conftest.c conftstm.o >&5
configure:6034: $? = 0
configure:6072: result: ok
configure:6109: checking for sysroot
configure:6139: result: no
configure:6382: checking for mt
configure:6412: result: no
configure:6432: checking if : is a manifest tool
configure:6438: : '-?'
configure:6446: result: no
configure:6502: checking for dsymutil
configure:6518: found /usr/bin/dsymutil
configure:6529: result: dsymutil
configure:6594: checking for nmedit
configure:6610: found /opt/local/bin/nmedit
configure:6621: result: nmedit
configure:6686: checking for lipo
configure:6702: found /opt/local/bin/lipo
configure:6713: result: lipo
configure:6778: checking for otool
configure:6794: found /opt/local/bin/otool
configure:6805: result: otool
configure:6870: checking for otool64
configure:6900: result: no
configure:6945: checking for -single_module linker flag
gcc -g -O2  -o libconftest.dylib -dynamiclib -Wl,-single_module conftest.c
configure:6972: result: yes
configure:6974: checking for -exported_symbols_list linker flag
configure:6994: gcc -o conftest -g -O2   -Wl,-exported_symbols_list,conftest.sym conftest.c  >&5
configure:6994: $? = 0
configure:7004: result: yes
configure:7006: checking for -force_load linker flag
gcc -g -O2 -c -o conftest.o conftest.c
ar cru libconftest.a conftest.o
ranlib libconftest.a
gcc -g -O2  -o conftest conftest.c -Wl,-force_load,./libconftest.a
configure:7036: result: yes
configure:7078: checking how to run the C preprocessor
configure:7109: gcc -E  conftest.c
configure:7109: $? = 0
configure:7123: gcc -E  conftest.c
conftest.c:11:10: fatal error: 'ac_nonexistent.h' file not found
#include <ac_nonexistent.h>
         ^
1 error generated.
configure:7123: $? = 1
configure: failed program was:
| /* confdefs.h */
| #define PACKAGE_NAME "qcdloop1"
| #define PACKAGE_TARNAME "qcdloop1"
| #define PACKAGE_VERSION "1.9.0"
| #define PACKAGE_STRING "qcdloop1 1.9.0"
| #define PACKAGE_BUGREPORT ""
| #define PACKAGE_URL ""
| #define PACKAGE "qcdloop1"
| #define VERSION "1.9.0"
| /* end confdefs.h.  */
| #include <ac_nonexistent.h>
configure:7148: result: gcc -E
configure:7168: gcc -E  conftest.c
configure:7168: $? = 0
configure:7182: gcc -E  conftest.c
conftest.c:11:10: fatal error: 'ac_nonexistent.h' file not found
#include <ac_nonexistent.h>
         ^
1 error generated.
configure:7182: $? = 1
configure: failed program was:
| /* confdefs.h */
| #define PACKAGE_NAME "qcdloop1"
| #define PACKAGE_TARNAME "qcdloop1"
| #define PACKAGE_VERSION "1.9.0"
| #define PACKAGE_STRING "qcdloop1 1.9.0"
| #define PACKAGE_BUGREPORT ""
| #define PACKAGE_URL ""
| #define PACKAGE "qcdloop1"
| #define VERSION "1.9.0"
| /* end confdefs.h.  */
| #include <ac_nonexistent.h>
configure:7211: checking for ANSI C header files
configure:7231: gcc -c -g -O2  conftest.c >&5
configure:7231: $? = 0
configure:7304: gcc -o conftest -g -O2   conftest.c  >&5
configure:7304: $? = 0
configure:7304: ./conftest
configure:7304: $? = 0
configure:7315: result: yes
configure:7328: checking for sys/types.h
configure:7328: gcc -c -g -O2  conftest.c >&5
configure:7328: $? = 0
configure:7328: result: yes
configure:7328: checking for sys/stat.h
configure:7328: gcc -c -g -O2  conftest.c >&5
configure:7328: $? = 0
configure:7328: result: yes
configure:7328: checking for stdlib.h
configure:7328: gcc -c -g -O2  conftest.c >&5
configure:7328: $? = 0
configure:7328: result: yes
configure:7328: checking for string.h
configure:7328: gcc -c -g -O2  conftest.c >&5
configure:7328: $? = 0
configure:7328: result: yes
configure:7328: checking for memory.h
configure:7328: gcc -c -g -O2  conftest.c >&5
configure:7328: $? = 0
configure:7328: result: yes
configure:7328: checking for strings.h
configure:7328: gcc -c -g -O2  conftest.c >&5
configure:7328: $? = 0
configure:7328: result: yes
configure:7328: checking for inttypes.h
configure:7328: gcc -c -g -O2  conftest.c >&5
configure:7328: $? = 0
configure:7328: result: yes
configure:7328: checking for stdint.h
configure:7328: gcc -c -g -O2  conftest.c >&5
configure:7328: $? = 0
configure:7328: result: yes
configure:7328: checking for unistd.h
configure:7328: gcc -c -g -O2  conftest.c >&5
configure:7328: $? = 0
configure:7328: result: yes
configure:7342: checking for dlfcn.h
configure:7342: gcc -c -g -O2  conftest.c >&5
configure:7342: $? = 0
configure:7342: result: yes
configure:7529: checking for objdir
configure:7544: result: .libs
configure:7815: checking if gcc supports -fno-rtti -fno-exceptions
configure:7833: gcc -c -g -O2  -fno-rtti -fno-exceptions conftest.c >&5
configure:7837: $? = 0
configure:7850: result: yes
configure:8160: checking for gcc option to produce PIC
configure:8167: result: -fno-common -DPIC
configure:8175: checking if gcc PIC flag -fno-common -DPIC works
configure:8193: gcc -c -g -O2  -fno-common -DPIC -DPIC conftest.c >&5
configure:8197: $? = 0
configure:8210: result: yes
configure:8239: checking if gcc static flag -static works
configure:8267: result: no
configure:8282: checking if gcc supports -c -o file.o
configure:8303: gcc -c -g -O2  -o out/conftest2.o conftest.c >&5
configure:8307: $? = 0
configure:8329: result: yes
configure:8337: checking if gcc supports -c -o file.o
configure:8384: result: yes
configure:8417: checking whether the gcc linker (/Applications/Xcode.app/Contents/Developer/Toolchains/XcodeDefault.xctoolchain/usr/bin/ld) supports shared libraries
configure:9575: result: yes
configure:9820: checking dynamic linker characteristics
configure:10556: result: darwin12.5.0 dyld
configure:10663: checking how to hardcode library paths into programs
configure:10688: result: immediate
configure:11228: checking whether stripping libraries is possible
configure:11242: result: yes
configure:11268: checking if libtool supports shared libraries
configure:11270: result: yes
configure:11273: checking whether to build shared libraries
configure:11294: result: yes
configure:11297: checking whether to build static libraries
configure:11301: result: yes
configure:11386: checking for gcc
configure:11413: result: gcc
configure:11642: checking for C compiler version
configure:11651: gcc --version >&5
Apple LLVM version 5.0 (clang-500.2.76) (based on LLVM 3.3svn)
Target: x86_64-apple-darwin12.5.0
Thread model: posix
Configured with: --prefix=/Applications/Xcode.app/Contents/Developer/usr --with-gxx-include-dir=/usr/include/c++/4.2.1
configure:11662: $? = 0
configure:11651: gcc -v >&5
Configured with: --prefix=/Applications/Xcode.app/Contents/Developer/usr --with-gxx-include-dir=/usr/include/c++/4.2.1
Apple LLVM version 5.0 (clang-500.2.76) (based on LLVM 3.3svn)
Target: x86_64-apple-darwin12.5.0
Thread model: posix
configure:11662: $? = 0
configure:11651: gcc -V >&5
clang: error: argument to '-V' is missing (expected 1 value)
clang: error: no input files
configure:11662: $? = 1
configure:11651: gcc -qversion >&5
clang: error: no input files
configure:11662: $? = 1
configure:11666: checking whether we are using the GNU C compiler
configure:11694: result: yes
configure:11703: checking whether gcc accepts -g
configure:11764: result: yes
configure:11781: checking for gcc option to accept ISO C89
configure:11858: result: none needed
configure:11880: checking dependency style of gcc
configure:11990: result: gcc3
configure:12111: checking for Fortran 77 compiler version
configure:12120: gfortran --version >&5
GNU Fortran (GCC) 4.6.2 20111019 (prerelease)
Copyright (C) 2011 Free Software Foundation, Inc.

GNU Fortran comes with NO WARRANTY, to the extent permitted by law.
You may redistribute copies of GNU Fortran
under the terms of the GNU General Public License.
For more information about these matters, see the file named COPYING

configure:12131: $? = 0
configure:12120: gfortran -v >&5
Using built-in specs.
COLLECT_GCC=gfortran
COLLECT_LTO_WRAPPER=/usr/local/gfortran/libexec/gcc/x86_64-apple-darwin10/4.6.2/lto-wrapper
Target: x86_64-apple-darwin10
Configured with: /GCC/gcc-4.6.2-RC-20111019/configure --prefix=/usr/local/gfortran --target=x86_64-apple-darwin10 --host=x86_64-apple-darwin10 --build=x86_64-apple-darwin10 --enable-version-specific-runtime-libs --enable-checking=release --with-libiconv-prefix=/usr --with-system-zlib --with-gmp=/GCC/multiprec-math/x86_64 --with-mpfr=/GCC/multiprec-math/x86_64 --with-mpc=/GCC/multiprec-math/x86_64 --enable-languages=c,c++,objc,fortran,ada,obj-c++
Thread model: posix
gcc version 4.6.2 20111019 (prerelease) (GCC) 
configure:12131: $? = 0
configure:12120: gfortran -V >&5
gfortran: error: unrecognized option '-V'
gfortran: fatal error: no input files
compilation terminated.
configure:12131: $? = 1
configure:12120: gfortran -qversion >&5
gfortran: error: unrecognized option '-qversion'
gfortran: fatal error: no input files
compilation terminated.
configure:12131: $? = 1
configure:12140: checking whether we are using the GNU Fortran 77 compiler
configure:12153: gfortran -c  conftest.F >&5
configure:12153: $? = 0
configure:12162: result: yes
configure:12168: checking whether gfortran accepts -g
configure:12179: gfortran -c -g conftest.f >&5
configure:12179: $? = 0
configure:12187: result: yes
configure:12324: checking if libtool supports shared libraries
configure:12326: result: yes
configure:12329: checking whether to build shared libraries
configure:12349: result: yes
configure:12352: checking whether to build static libraries
configure:12356: result: yes
configure:12660: checking for gfortran option to produce PIC
configure:12667: result: -fno-common
configure:12675: checking if gfortran PIC flag -fno-common works
configure:12693: gfortran -c -g -O2 -fno-common conftest.f >&5
configure:12697: $? = 0
configure:12710: result: yes
configure:12733: checking if gfortran static flag -static works
configure:12761: result: no
configure:12773: checking if gfortran supports -c -o file.o
configure:12794: gfortran -c -g -O2 -o out/conftest2.o conftest.f >&5
configure:12798: $? = 0
configure:12820: result: yes
configure:12825: checking if gfortran supports -c -o file.o
configure:12872: result: yes
configure:12902: checking whether the gfortran linker (/Applications/Xcode.app/Contents/Developer/Toolchains/XcodeDefault.xctoolchain/usr/bin/ld) supports shared libraries
configure:14010: result: yes
configure:14153: checking dynamic linker characteristics
configure:14817: result: darwin12.5.0 dyld
configure:14870: checking how to hardcode library paths into programs
configure:14895: result: immediate
configure:14943: checking for ld used by gcc
configure:15010: result: /Applications/Xcode.app/Contents/Developer/Toolchains/XcodeDefault.xctoolchain/usr/bin/ld
configure:15017: checking if the linker (/Applications/Xcode.app/Contents/Developer/Toolchains/XcodeDefault.xctoolchain/usr/bin/ld) is GNU ld
configure:15032: result: no
configure:15046: checking how to run the C preprocessor
configure:15116: result: gcc -E
configure:15136: gcc -E  conftest.c
configure:15136: $? = 0
configure:15150: gcc -E  conftest.c
conftest.c:23:10: fatal error: 'ac_nonexistent.h' file not found
#include <ac_nonexistent.h>
         ^
1 error generated.
configure:15150: $? = 1
configure: failed program was:
| /* confdefs.h */
| #define PACKAGE_NAME "qcdloop1"
| #define PACKAGE_TARNAME "qcdloop1"
| #define PACKAGE_VERSION "1.9.0"
| #define PACKAGE_STRING "qcdloop1 1.9.0"
| #define PACKAGE_BUGREPORT ""
| #define PACKAGE_URL ""
| #define PACKAGE "qcdloop1"
| #define VERSION "1.9.0"
| #define STDC_HEADERS 1
| #define HAVE_SYS_TYPES_H 1
| #define HAVE_SYS_STAT_H 1
| #define HAVE_STDLIB_H 1
| #define HAVE_STRING_H 1
| #define HAVE_MEMORY_H 1
| #define HAVE_STRINGS_H 1
| #define HAVE_INTTYPES_H 1
| #define HAVE_STDINT_H 1
| #define HAVE_UNISTD_H 1
| #define HAVE_DLFCN_H 1
| #define LT_OBJDIR ".libs/"
| /* end confdefs.h.  */
| #include <ac_nonexistent.h>
configure:15221: checking for sed
configure:15248: result: /usr/bin/sed
configure:15289: checking if libraries can be versioned
configure:15308: result: no
configure:15310: WARNING: *** You have not enabled versioned symbols.
configure:15649: creating ./config.status

## ---------------------- ##
## Running config.status. ##
## ---------------------- ##

This file was extended by qcdloop1 config.status 1.9.0, which was
generated by GNU Autoconf 2.68.  Invocation command line was

  CONFIG_FILES    = 
  CONFIG_HEADERS  = 
  CONFIG_LINKS    = 
  CONFIG_COMMANDS = 
  $ ./config.status 

on dhcpvisitor217249.slac.stanford.edu

config.status:1151: creating Makefile
config.status:1151: creating qcdloop1.pc
config.status:1151: creating config.h
config.status:1380: executing depfiles commands
config.status:1380: executing libtool commands

## ---------------- ##
## Cache variables. ##
## ---------------- ##

ac_cv_build=x86_64-apple-darwin12.5.0
ac_cv_c_compiler_gnu=yes
ac_cv_env_CC_set=
ac_cv_env_CC_value=
ac_cv_env_CFLAGS_set=
ac_cv_env_CFLAGS_value=
ac_cv_env_CPPFLAGS_set=
ac_cv_env_CPPFLAGS_value=
ac_cv_env_CPP_set=
ac_cv_env_CPP_value=
ac_cv_env_F77_set=set
ac_cv_env_F77_value=gfortran
ac_cv_env_FFLAGS_set=
ac_cv_env_FFLAGS_value=
ac_cv_env_LDFLAGS_set=
ac_cv_env_LDFLAGS_value=
ac_cv_env_LIBS_set=
ac_cv_env_LIBS_value=
ac_cv_env_build_alias_set=
ac_cv_env_build_alias_value=
ac_cv_env_host_alias_set=
ac_cv_env_host_alias_value=
ac_cv_env_target_alias_set=
ac_cv_env_target_alias_value=
ac_cv_f77_compiler_gnu=yes
ac_cv_header_dlfcn_h=yes
ac_cv_header_inttypes_h=yes
ac_cv_header_memory_h=yes
ac_cv_header_stdc=yes
ac_cv_header_stdint_h=yes
ac_cv_header_stdlib_h=yes
ac_cv_header_string_h=yes
ac_cv_header_strings_h=yes
ac_cv_header_sys_stat_h=yes
ac_cv_header_sys_types_h=yes
ac_cv_header_unistd_h=yes
ac_cv_host=x86_64-apple-darwin12.5.0
ac_cv_objext=o
ac_cv_path_EGREP='/usr/bin/grep -E'
ac_cv_path_FGREP='/usr/bin/grep -F'
ac_cv_path_GREP=/usr/bin/grep
ac_cv_path_SED=/usr/bin/sed
ac_cv_path_install='/usr/bin/install -c'
ac_cv_prog_AWK=awk
ac_cv_prog_CPP='gcc -E'
ac_cv_prog_ac_ct_AR=ar
ac_cv_prog_ac_ct_CC=gcc
ac_cv_prog_ac_ct_DSYMUTIL=dsymutil
ac_cv_prog_ac_ct_LIPO=lipo
ac_cv_prog_ac_ct_NMEDIT=nmedit
ac_cv_prog_ac_ct_OTOOL=otool
ac_cv_prog_ac_ct_RANLIB=ranlib
ac_cv_prog_ac_ct_SED=/usr/bin/sed
ac_cv_prog_ac_ct_STRIP=strip
ac_cv_prog_cc_c89=
ac_cv_prog_cc_g=yes
ac_cv_prog_f77_g=yes
ac_cv_prog_make_make_set=yes
am_cv_CC_dependencies_compiler_type=gcc3
lt_cv_apple_cc_single_mod=yes
lt_cv_ar_at_file=no
lt_cv_deplibs_check_method=pass_all
lt_cv_file_magic_cmd='$MAGIC_CMD'
lt_cv_file_magic_test_file=
lt_cv_ld_exported_symbols_list=yes
lt_cv_ld_force_load=yes
lt_cv_ld_reload_flag=-r
lt_cv_nm_interface='BSD nm'
lt_cv_objdir=.libs
lt_cv_path_LD=/Applications/Xcode.app/Contents/Developer/Toolchains/XcodeDefault.xctoolchain/usr/bin/ld
lt_cv_path_NM=/opt/local/bin/nm
lt_cv_path_mainfest_tool=no
lt_cv_prog_compiler_c_o=yes
lt_cv_prog_compiler_c_o_F77=yes
lt_cv_prog_compiler_pic='-fno-common -DPIC'
lt_cv_prog_compiler_pic_F77=-fno-common
lt_cv_prog_compiler_pic_works=yes
lt_cv_prog_compiler_pic_works_F77=yes
lt_cv_prog_compiler_rtti_exceptions=yes
lt_cv_prog_compiler_static_works=no
lt_cv_prog_compiler_static_works_F77=no
lt_cv_prog_gnu_ld=no
lt_cv_sharedlib_from_linklib_cmd='printf %s\n'
lt_cv_sys_global_symbol_pipe='sed -n -e '\''s/^.*[	 ]\([BCDEGRST][BCDEGRST]*\)[	 ][	 ]*_\([_A-Za-z][_A-Za-z0-9]*\)$/\1 _\2 \2/p'\'' | sed '\''/ __gnu_lto/d'\'''
lt_cv_sys_global_symbol_to_c_name_address='sed -n -e '\''s/^: \([^ ]*\)[ ]*$/  {\"\1\", (void *) 0},/p'\'' -e '\''s/^[BCDEGRST]* \([^ ]*\) \([^ ]*\)$/  {"\2", (void *) \&\2},/p'\'''
lt_cv_sys_global_symbol_to_c_name_address_lib_prefix='sed -n -e '\''s/^: \([^ ]*\)[ ]*$/  {\"\1\", (void *) 0},/p'\'' -e '\''s/^[BCDEGRST]* \([^ ]*\) \(lib[^ ]*\)$/  {"\2", (void *) \&\2},/p'\'' -e '\''s/^[BCDEGRST]* \([^ ]*\) \([^ ]*\)$/  {"lib\2", (void *) \&\2},/p'\'''
lt_cv_sys_global_symbol_to_cdecl='sed -n -e '\''s/^T .* \(.*\)$/extern int \1();/p'\'' -e '\''s/^[BCDEGRST]* .* \(.*\)$/extern char \1;/p'\'''
lt_cv_sys_max_cmd_len=196608
lt_cv_to_host_file_cmd=func_convert_file_noop
lt_cv_to_tool_file_cmd=func_convert_file_noop

## ----------------- ##
## Output variables. ##
## ----------------- ##

ACLOCAL='${SHELL} /Users/valentin/Documents/HEP_softs/QCDLoop/qcdloop1-1.9.0/auxfiles/missing --run aclocal-1.11'
AMDEPBACKSLASH='\'
AMDEP_FALSE='#'
AMDEP_TRUE=''
AMTAR='${SHELL} /Users/valentin/Documents/HEP_softs/QCDLoop/qcdloop1-1.9.0/auxfiles/missing --run tar'
AM_BACKSLASH='\'
AM_DEFAULT_VERBOSITY='1'
AR='ar'
AUTOCONF='${SHELL} /Users/valentin/Documents/HEP_softs/QCDLoop/qcdloop1-1.9.0/auxfiles/missing --run autoconf'
AUTOHEADER='${SHELL} /Users/valentin/Documents/HEP_softs/QCDLoop/qcdloop1-1.9.0/auxfiles/missing --run autoheader'
AUTOMAKE='${SHELL} /Users/valentin/Documents/HEP_softs/QCDLoop/qcdloop1-1.9.0/auxfiles/missing --run automake-1.11'
AWK='awk'
CC='gcc'
CCDEPMODE='depmode=gcc3'
CFLAGS='-g -O2'
CPP='gcc -E'
CPPFLAGS=''
CYGPATH_W='echo'
DEFS='-DHAVE_CONFIG_H'
DEPDIR='.deps'
DLLTOOL='false'
DSYMUTIL='dsymutil'
DUMPBIN=''
ECHO_C='\c'
ECHO_N=''
ECHO_T=''
EGREP='/usr/bin/grep -E'
EXEEXT=''
F77='gfortran'
FFLAGS='-g -O2'
FGREP='/usr/bin/grep -F'
GREP='/usr/bin/grep'
HAVE_LD_VERSION_SCRIPT_FALSE=''
HAVE_LD_VERSION_SCRIPT_TRUE='#'
HAVE_MAPLE_AUTO_FALSE='#'
HAVE_MAPLE_AUTO_TRUE=''
HAVE_MAPLE_FALSE=''
HAVE_MAPLE_TRUE='#'
INSTALL_DATA='${INSTALL} -m 644'
INSTALL_PROGRAM='${INSTALL}'
INSTALL_SCRIPT='${INSTALL}'
INSTALL_STRIP_PROGRAM='$(install_sh) -c -s'
LD='/Applications/Xcode.app/Contents/Developer/Toolchains/XcodeDefault.xctoolchain/usr/bin/ld'
LDFLAGS=''
LIBOBJS=''
LIBQCD_AGE='0'
LIBQCD_CURRENT='0'
LIBQCD_MAJOR='1'
LIBQCD_MICRO='0'
LIBQCD_MINOR='9'
LIBQCD_REVISION='0'
LIBQCD_VERSION_INFO='0:0:0'
LIBS=''
LIBTOOL='$(SHELL) $(top_builddir)/libtool'
LIPO='lipo'
LN_S='ln -s'
LTLIBOBJS=''
MAKEINFO='${SHELL} /Users/valentin/Documents/HEP_softs/QCDLoop/qcdloop1-1.9.0/auxfiles/missing --run makeinfo'
MANIFEST_TOOL=':'
MAPLEINC=''
MAPLELIB=''
MKDIR_P='auxfiles/install-sh -c -d'
NM='/opt/local/bin/nm'
NMEDIT='nmedit'
OBJDUMP='false'
OBJEXT='o'
OTOOL64=':'
OTOOL='otool'
PACKAGE='qcdloop1'
PACKAGE_BUGREPORT=''
PACKAGE_NAME='qcdloop1'
PACKAGE_STRING='qcdloop1 1.9.0'
PACKAGE_TARNAME='qcdloop1'
PACKAGE_URL=''
PACKAGE_VERSION='1.9.0'
PATH_SEPARATOR=':'
RANLIB='ranlib'
SED='/usr/bin/sed'
SET_MAKE=''
SHELL='/bin/sh'
STRIP='strip'
SYMBOL_PREFIX=''
VERSION='1.9.0'
ac_ct_AR='ar'
ac_ct_CC='gcc'
ac_ct_DUMPBIN=''
ac_ct_F77=''
am__EXEEXT_FALSE=''
am__EXEEXT_TRUE='#'
am__fastdepCC_FALSE='#'
am__fastdepCC_TRUE=''
am__include='include'
am__isrc=''
am__leading_dot='.'
am__quote=''
am__tar='${AMTAR} chof - "$$tardir"'
am__untar='${AMTAR} xf -'
bindir='${exec_prefix}/bin'
build='x86_64-apple-darwin12.5.0'
build_alias=''
build_cpu='x86_64'
build_os='darwin12.5.0'
build_vendor='apple'
datadir='${datarootdir}'
datarootdir='${prefix}/share'
docdir='${datarootdir}/doc/${PACKAGE_TARNAME}'
dvidir='${docdir}'
exec_prefix='${prefix}'
host='x86_64-apple-darwin12.5.0'
host_alias=''
host_cpu='x86_64'
host_os='darwin12.5.0'
host_vendor='apple'
htmldir='${docdir}'
includedir='${prefix}/include'
infodir='${datarootdir}/info'
install_sh='${SHELL} /Users/valentin/Documents/HEP_softs/QCDLoop/qcdloop1-1.9.0/auxfiles/install-sh'
libdir='${exec_prefix}/lib'
libexecdir='${exec_prefix}/libexec'
localedir='${datarootdir}/locale'
localstatedir='${prefix}/var'
mandir='${datarootdir}/man'
mkdir_p='$(top_builddir)/auxfiles/install-sh -c -d'
oldincludedir='/usr/include'
pdfdir='${docdir}'
prefix='/Users/valentin/Documents/HEP_softs/QCDLoop/qcdloop1-1.9.0_installation'
program_transform_name='s,x,x,'
psdir='${docdir}'
sbindir='${exec_prefix}/sbin'
sharedstatedir='${prefix}/com'
sysconfdir='${prefix}/etc'
target_alias=''

## ----------- ##
## confdefs.h. ##
## ----------- ##

/* confdefs.h */
#define PACKAGE_NAME "qcdloop1"
#define PACKAGE_TARNAME "qcdloop1"
#define PACKAGE_VERSION "1.9.0"
#define PACKAGE_STRING "qcdloop1 1.9.0"
#define PACKAGE_BUGREPORT ""
#define PACKAGE_URL ""
#define PACKAGE "qcdloop1"
#define VERSION "1.9.0"
#define STDC_HEADERS 1
#define HAVE_SYS_TYPES_H 1
#define HAVE_SYS_STAT_H 1
#define HAVE_STDLIB_H 1
#define HAVE_STRING_H 1
#define HAVE_MEMORY_H 1
#define HAVE_STRINGS_H 1
#define HAVE_INTTYPES_H 1
#define HAVE_STDINT_H 1
#define HAVE_UNISTD_H 1
#define HAVE_DLFCN_H 1
#define LT_OBJDIR ".libs/"

configure: exit 0
